Remove Pin from Net: Failed to remove Pin
Removed Pin From Net: NetName=SD_CARD_CLK Pin=-1
Removed Pin From Net: NetName=SD_CARD_MISO Pin=-1
Removed Pin From Net: NetName=SD_CARD_MOSI Pin=-1
Removed Pin From Net: NetName=SD_CARD_MISO Pin=U1-18
Removed Pin From Net: NetName=SD_CARD_MOSI Pin=U1-19
Removed Pin From Net: NetName=SD_CARD_CLK Pin=U1-20
Removed Pin From Net: NetName=+3V3 Pin=U5-01
Removed Pin From Net: NetName=GND Pin=U5-02
Removed Pin From Net: NetName=TFT_Screen_CS Pin=U5-03
Removed Pin From Net: NetName=TFT_Screen_RESET Pin=U5-04
Removed Pin From Net: NetName=TFT_Screen_DC Pin=U5-05
Removed Pin From Net: NetName=TFT_MOSI Pin=U5-06
Removed Pin From Net: NetName=TFT_CLK Pin=U5-07
Removed Pin From Net: NetName=TFT_Screen_LED Pin=U5-08
Removed Pin From Net: NetName=TFT_MISO Pin=U5-09
Change Component Designator: OldDesignator= NewDesignator=TP1
Change Component Designator: OldDesignator= NewDesignator=TP2
Change Component Designator: OldDesignator= NewDesignator=TP3
Change Component Designator: OldDesignator= NewDesignator=TP4
Change Component Designator: OldDesignator= NewDesignator=TP5
Change Component Designator: OldDesignator= NewDesignator=TP6
Change Component Designator: OldDesignator= NewDesignator=TP7
Change Component Designator: OldDesignator= NewDesignator=TP8
Change Component Designator: OldDesignator= NewDesignator=TP9
Change Component Designator: OldDesignator= NewDesignator=TP10
Change Component Designator: OldDesignator= NewDesignator=TP11
Change Component Designator: OldDesignator= NewDesignator=TP12
Change Component Designator: OldDesignator= NewDesignator=TP13
Change Component Designator: OldDesignator= NewDesignator=TP14
Change Component Designator: OldDesignator= NewDesignator=TP16
Change Component Designator: OldDesignator= NewDesignator=TP17
Change Component Designator: OldDesignator= NewDesignator=TP18
Change Component Designator: OldDesignator= NewDesignator=TP19
Change Component Designator: OldDesignator= NewDesignator=TP20
Change Component Designator: OldDesignator= NewDesignator=TP21
Change Component Designator: OldDesignator= NewDesignator=TP22
Change Component Designator: OldDesignator= NewDesignator=TP23
Change Component Designator: OldDesignator= NewDesignator=TP24
Change Component Designator: OldDesignator= NewDesignator=TP25
Change Component Designator: OldDesignator= NewDesignator=TP26
Change Component Designator: OldDesignator= NewDesignator=TP27
Change Component Designator: OldDesignator= NewDesignator=TP28
Change Component Designator: OldDesignator= NewDesignator=TP29
Change Component Designator: OldDesignator= NewDesignator=TP30
Change Component Designator: OldDesignator= NewDesignator=TP31
Change Component Designator: OldDesignator= NewDesignator=TP32
Added Component: Designator=TP15(Probe-Point)
Added Component: Designator=TP33(Probe-Point)
Added Pin To Net: NetName=+3V3 Pin=TP15-1
Added Pin To Net: NetName=SD_CARD_CLK Pin=TP27-1
Added Pin To Net: NetName=SD_CARD_MISO Pin=TP28-1
Added Pin To Net: NetName=SD_CARD_MOSI Pin=TP29-1
Added Pin To Net: NetName=GND Pin=TP33-1
Added Pin To Net: NetName=SD_CARD_CLK Pin=U1-18
Added Pin To Net: NetName=SD_CARD_MISO Pin=U1-19
Added Pin To Net: NetName=SD_CARD_MOSI Pin=U1-20
Add Pin To Net: Unknown Pin: Pin U5-1
Add Pin To Net: Unknown Pin: Pin U5-2
Added Net: Name=NetU5_4
Added Net: Name=NetU5_5
Added Net: Name=NetU5_9
Added Member To Class: ClassName=U_Peripherals Member=Component TP15 Test Point
Added Member To Class: ClassName=U_Peripherals Member=Component TP33 Test Point
