Change Component Footprint: Designator=U5 Old Footprint= New Footprint=TFT_SCREEN
Change Component Designator: OldDesignator= NewDesignator=TP13
Change Component Designator: OldDesignator= NewDesignator=TP17
Change Component Designator: OldDesignator=BTN1 NewDesignator=SW3
Change Component Designator: OldDesignator=BTN2 NewDesignator=SW4
Change Component Designator: OldDesignator=BTN3 NewDesignator=SW5
Change Component Designator: OldDesignator=BTN4 NewDesignator=SW6
Added Pin To Net: NetName=+3V3_FTDI Pin=C5-2
Added Pin To Net: NetName=+3V3_FTDI Pin=C7-2
Added Pin To Net: NetName=+3V3_FTDI Pin=R3-1
Added Pin To Net: NetName=+3V3_FTDI Pin=U2-3
Added Pin To Net: NetName=+3V3_FTDI Pin=U2-13
Added Net: Name=+3V3_FTDI
Added Pin To Net: NetName=+3V3_REG Pin=C9-2
Added Pin To Net: NetName=+3V3_REG Pin=NT7-1
Added Pin To Net: NetName=+3V3_REG Pin=TP6-1
Added Pin To Net: NetName=+3V3_REG Pin=U3-3
Added Net: Name=+3V3_REG
Added Pin To Net: NetName=+3V3 Pin=C10-2
Added Pin To Net: NetName=+3V3 Pin=C12-1
Added Pin To Net: NetName=+3V3 Pin=C14-2
Added Pin To Net: NetName=+3V3 Pin=C15-2
Added Pin To Net: NetName=+3V3 Pin=NT7-2
Added Pin To Net: NetName=+3V3 Pin=R8-1
Added Pin To Net: NetName=+3V3 Pin=R13-2
Added Pin To Net: NetName=+3V3 Pin=R14-2
Added Pin To Net: NetName=+3V3 Pin=R17-2
Added Pin To Net: NetName=+3V3 Pin=R18-2
Added Pin To Net: NetName=+3V3 Pin=R19-2
Added Pin To Net: NetName=+3V3 Pin=R20-2
Added Pin To Net: NetName=+3V3 Pin=TP12-1
Added Pin To Net: NetName=+3V3 Pin=TP15-1
Added Pin To Net: NetName=+3V3 Pin=U1-2
Added Net: Name=+3V3
Added Pin To Net: NetName=+5V_VBUS1 Pin=C1-2
Added Pin To Net: NetName=+5V_VBUS1 Pin=C2-2
Added Pin To Net: NetName=+5V_VBUS1 Pin=D2-2
Added Pin To Net: NetName=+5V_VBUS1 Pin=D6-1
Added Pin To Net: NetName=+5V_VBUS1 Pin=J3-A4-B9
Added Pin To Net: NetName=+5V_VBUS1 Pin=J3-B4-A9
Added Pin To Net: NetName=+5V_VBUS1 Pin=NT6-1
Added Pin To Net: NetName=+5V_VBUS1 Pin=TP1-1
Added Net: Name=+5V_VBUS1
Added Pin To Net: NetName=+5V_VBUS2 Pin=D1-2
Added Pin To Net: NetName=+5V_VBUS2 Pin=D3-1
Added Pin To Net: NetName=+5V_VBUS2 Pin=J4-A4-B9
Added Pin To Net: NetName=+5V_VBUS2 Pin=J4-B4-A9
Added Pin To Net: NetName=+5V_VBUS2 Pin=TP2-1
Added Net: Name=+5V_VBUS2
Added Pin To Net: NetName=+VCC FTDI Pin=NT6-2
Added Pin To Net: NetName=+VCC FTDI Pin=U2-15
Added Net: Name=+VCC FTDI
Added Pin To Net: NetName=+VCC Pin=C3-2
Added Pin To Net: NetName=+VCC Pin=C4-2
Added Pin To Net: NetName=+VCC Pin=C8-2
Added Pin To Net: NetName=+VCC Pin=C11-2
Added Pin To Net: NetName=+VCC Pin=D1-1
Added Pin To Net: NetName=+VCC Pin=D2-1
Added Pin To Net: NetName=+VCC Pin=D11-1
Added Pin To Net: NetName=+VCC Pin=TP5-1
Added Pin To Net: NetName=+VCC Pin=U3-1
Added Net: Name=+VCC
Added Pin To Net: NetName=+VIN Pin=D11-2
Added Pin To Net: NetName=+VIN Pin=J1-1
Added Pin To Net: NetName=+VIN Pin=TP7-1
Added Net: Name=+VIN
Added Pin To Net: NetName=\E\S\P\_\U\S\E\R\_\L\E\D\ Pin=D10-1
Added Pin To Net: NetName=\E\S\P\_\U\S\E\R\_\L\E\D\ Pin=U1-8
Added Net: Name=\E\S\P\_\U\S\E\R\_\L\E\D\
Added Pin To Net: NetName=ARDUINO_RX Pin=J1-3
Added Pin To Net: NetName=ARDUINO_RX Pin=NT1-1
Added Pin To Net: NetName=ARDUINO_RX Pin=TP18-1
Added Net: Name=ARDUINO_RX
Added Pin To Net: NetName=ARDUINO_TX_CON Pin=J1-4
Added Pin To Net: NetName=ARDUINO_TX_CON Pin=R21-2
Added Pin To Net: NetName=ARDUINO_TX_CON Pin=TP11-1
Added Net: Name=ARDUINO_TX_CON
Added Pin To Net: NetName=ARDUINO_TX Pin=NT2-1
Added Pin To Net: NetName=ARDUINO_TX Pin=R21-1
Added Pin To Net: NetName=ARDUINO_TX Pin=R22-2
Added Pin To Net: NetName=ARDUINO_TX Pin=TP19-1
Added Net: Name=ARDUINO_TX
Added Pin To Net: NetName=BTN1 Pin=R17-1
Added Pin To Net: NetName=BTN1 Pin=SW3-1
Added Pin To Net: NetName=BTN1 Pin=SW3-2
Added Pin To Net: NetName=BTN1 Pin=TP16-1
Added Pin To Net: NetName=BTN1 Pin=U1-22
Added Net: Name=BTN1
Added Pin To Net: NetName=BTN2 Pin=R18-1
Added Pin To Net: NetName=BTN2 Pin=SW4-1
Added Pin To Net: NetName=BTN2 Pin=SW4-2
Added Pin To Net: NetName=BTN2 Pin=U1-23
Added Net: Name=BTN2
Added Pin To Net: NetName=BTN3 Pin=R19-1
Added Pin To Net: NetName=BTN3 Pin=SW5-1
Added Pin To Net: NetName=BTN3 Pin=SW5-2
Added Pin To Net: NetName=BTN3 Pin=TP14-1
Added Pin To Net: NetName=BTN3 Pin=U1-38
Added Net: Name=BTN3
Added Pin To Net: NetName=BTN4 Pin=R20-1
Added Pin To Net: NetName=BTN4 Pin=SW6-1
Added Pin To Net: NetName=BTN4 Pin=SW6-2
Added Pin To Net: NetName=BTN4 Pin=U1-39
Added Net: Name=BTN4
Added Pin To Net: NetName=CHIP_PU Pin=C16-2
Added Pin To Net: NetName=CHIP_PU Pin=Q1-3
Added Pin To Net: NetName=CHIP_PU Pin=R13-1
Added Pin To Net: NetName=CHIP_PU Pin=SW1-1
Added Pin To Net: NetName=CHIP_PU Pin=SW1-2
Added Pin To Net: NetName=CHIP_PU Pin=U1-3
Added Net: Name=CHIP_PU
Added Pin To Net: NetName=CON1_USB_N Pin=D7-1
Added Pin To Net: NetName=CON1_USB_N Pin=J3-A7
Added Pin To Net: NetName=CON1_USB_N Pin=J3-B7
Added Pin To Net: NetName=CON1_USB_N Pin=R1-1
Added Net: Name=CON1_USB_N
Added Pin To Net: NetName=CON1_USB_P Pin=D8-1
Added Pin To Net: NetName=CON1_USB_P Pin=J3-A6
Added Pin To Net: NetName=CON1_USB_P Pin=J3-B6
Added Pin To Net: NetName=CON1_USB_P Pin=R2-1
Added Net: Name=CON1_USB_P
Added Pin To Net: NetName=CON2_USB_N Pin=D4-1
Added Pin To Net: NetName=CON2_USB_N Pin=J4-A7
Added Pin To Net: NetName=CON2_USB_N Pin=J4-B7
Added Pin To Net: NetName=CON2_USB_N Pin=R15-1
Added Net: Name=CON2_USB_N
Added Pin To Net: NetName=CON2_USB_P Pin=D5-1
Added Pin To Net: NetName=CON2_USB_P Pin=J4-A6
Added Pin To Net: NetName=CON2_USB_P Pin=J4-B6
Added Pin To Net: NetName=CON2_USB_P Pin=R16-1
Added Net: Name=CON2_USB_P
Added Pin To Net: NetName=DTR_FTDI Pin=Q2-2
Added Pin To Net: NetName=DTR_FTDI Pin=R9-1
Added Pin To Net: NetName=DTR_FTDI Pin=U2-1
Added Net: Name=DTR_FTDI
Added Pin To Net: NetName=ESP_UART2_RX Pin=NT2-2
Added Pin To Net: NetName=ESP_UART2_RX Pin=U1-7
Added Net: Name=ESP_UART2_RX
Added Pin To Net: NetName=ESP_UART2_TX Pin=NT1-2
Added Pin To Net: NetName=ESP_UART2_TX Pin=U1-6
Added Net: Name=ESP_UART2_TX
Added Pin To Net: NetName=ESP_USB_N Pin=R15-2
Added Pin To Net: NetName=ESP_USB_N Pin=U1-13
Added Net: Name=ESP_USB_N
Added Pin To Net: NetName=ESP_USB_P Pin=R16-2
Added Pin To Net: NetName=ESP_USB_P Pin=U1-14
Added Net: Name=ESP_USB_P
Added Pin To Net: NetName=FTDI_USB_N Pin=R1-2
Added Pin To Net: NetName=FTDI_USB_N Pin=U2-12
Added Net: Name=FTDI_USB_N
Added Pin To Net: NetName=FTDI_USB_P Pin=R2-2
Added Pin To Net: NetName=FTDI_USB_P Pin=U2-11
Added Net: Name=FTDI_USB_P
Added Pin To Net: NetName=FUSE_STRAP Pin=U1-15
Added Net: Name=FUSE_STRAP
Added Pin To Net: NetName=GND_EXT Pin=J1-2
Added Pin To Net: NetName=GND_EXT Pin=NT8-1
Added Pin To Net: NetName=GND_EXT Pin=TP10-1
Added Net: Name=GND_EXT
Added Pin To Net: NetName=GND Pin=C1-1
Added Pin To Net: NetName=GND Pin=C2-1
Added Pin To Net: NetName=GND Pin=C3-1
Added Pin To Net: NetName=GND Pin=C4-1
Added Pin To Net: NetName=GND Pin=C5-1
Added Pin To Net: NetName=GND Pin=C7-1
Added Pin To Net: NetName=GND Pin=C8-1
Added Pin To Net: NetName=GND Pin=C9-1
Added Pin To Net: NetName=GND Pin=C10-1
Added Pin To Net: NetName=GND Pin=C11-1
Added Pin To Net: NetName=GND Pin=C12-2
Added Pin To Net: NetName=GND Pin=C14-1
Added Pin To Net: NetName=GND Pin=C15-1
Added Pin To Net: NetName=GND Pin=C16-1
Added Pin To Net: NetName=GND Pin=C17-1
Added Pin To Net: NetName=GND Pin=D3-2
Added Pin To Net: NetName=GND Pin=D4-2
Added Pin To Net: NetName=GND Pin=D5-2
Added Pin To Net: NetName=GND Pin=D6-2
Added Pin To Net: NetName=GND Pin=D7-2
Added Pin To Net: NetName=GND Pin=D8-2
Added Pin To Net: NetName=GND Pin=D9-1
Added Pin To Net: NetName=GND Pin=H1-0
Added Pin To Net: NetName=GND Pin=H2-0
Added Pin To Net: NetName=GND Pin=H3-0
Added Pin To Net: NetName=GND Pin=H4-0
Added Pin To Net: NetName=GND Pin=J3-A1-B12
Added Pin To Net: NetName=GND Pin=J3-B1-A12
Added Pin To Net: NetName=GND Pin=J3-S1
Added Pin To Net: NetName=GND Pin=J3-S2
Added Pin To Net: NetName=GND Pin=J3-S3
Added Pin To Net: NetName=GND Pin=J3-S4
Added Pin To Net: NetName=GND Pin=J4-A1-B12
Added Pin To Net: NetName=GND Pin=J4-B1-A12
Added Pin To Net: NetName=GND Pin=J4-S1
Added Pin To Net: NetName=GND Pin=J4-S2
Added Pin To Net: NetName=GND Pin=J4-S3
Added Pin To Net: NetName=GND Pin=J4-S4
Added Pin To Net: NetName=GND Pin=NT8-2
Added Pin To Net: NetName=GND Pin=R4-1
Added Pin To Net: NetName=GND Pin=R5-1
Added Pin To Net: NetName=GND Pin=R6-1
Added Pin To Net: NetName=GND Pin=R7-1
Added Pin To Net: NetName=GND Pin=R22-1
Added Pin To Net: NetName=GND Pin=SW1-3
Added Pin To Net: NetName=GND Pin=SW1-4
Added Pin To Net: NetName=GND Pin=SW2-3
Added Pin To Net: NetName=GND Pin=SW2-4
Added Pin To Net: NetName=GND Pin=SW3-3
Added Pin To Net: NetName=GND Pin=SW3-4
Added Pin To Net: NetName=GND Pin=SW4-3
Added Pin To Net: NetName=GND Pin=SW4-4
Added Pin To Net: NetName=GND Pin=SW5-3
Added Pin To Net: NetName=GND Pin=SW5-4
Added Pin To Net: NetName=GND Pin=SW6-3
Added Pin To Net: NetName=GND Pin=SW6-4
Added Pin To Net: NetName=GND Pin=TP3-1
Added Pin To Net: NetName=GND Pin=TP4-1
Added Pin To Net: NetName=GND Pin=TP8-1
Added Pin To Net: NetName=GND Pin=TP9-1
Added Pin To Net: NetName=GND Pin=TP33-1
Added Pin To Net: NetName=GND Pin=U1-1
Added Pin To Net: NetName=GND Pin=U1-40
Added Pin To Net: NetName=GND Pin=U1-41
Added Pin To Net: NetName=GND Pin=U2-6
Added Pin To Net: NetName=GND Pin=U2-16
Added Pin To Net: NetName=GND Pin=U3-2
Added Pin To Net: NetName=GND Pin=U3-4
Added Net: Name=GND
Added Pin To Net: NetName=GPIO0 Pin=C17-2
Added Pin To Net: NetName=GPIO0 Pin=Q2-3
Added Pin To Net: NetName=GPIO0 Pin=SW2-1
Added Pin To Net: NetName=GPIO0 Pin=SW2-2
Added Pin To Net: NetName=GPIO0 Pin=TP25-1
Added Pin To Net: NetName=GPIO0 Pin=U1-27
Added Net: Name=GPIO0
Added Pin To Net: NetName=NetD10_2 Pin=D10-2
Added Pin To Net: NetName=NetD10_2 Pin=R14-1
Added Net: Name=NetD10_2
Added Pin To Net: NetName=NetJ3_A5 Pin=J3-A5
Added Pin To Net: NetName=NetJ3_A5 Pin=R7-2
Added Net: Name=NetJ3_A5
Added Pin To Net: NetName=NetJ3_A8 Pin=J3-A8
Added Net: Name=NetJ3_A8
Added Pin To Net: NetName=NetJ3_B5 Pin=J3-B5
Added Pin To Net: NetName=NetJ3_B5 Pin=R6-2
Added Net: Name=NetJ3_B5
Added Pin To Net: NetName=NetJ3_B8 Pin=J3-B8
Added Net: Name=NetJ3_B8
Added Pin To Net: NetName=NetJ4_A5 Pin=J4-A5
Added Pin To Net: NetName=NetJ4_A5 Pin=R5-2
Added Net: Name=NetJ4_A5
Added Pin To Net: NetName=NetJ4_A8 Pin=J4-A8
Added Net: Name=NetJ4_A8
Added Pin To Net: NetName=NetJ4_B5 Pin=J4-B5
Added Pin To Net: NetName=NetJ4_B5 Pin=R4-2
Added Net: Name=NetJ4_B5
Added Pin To Net: NetName=NetJ4_B8 Pin=J4-B8
Added Net: Name=NetJ4_B8
Added Pin To Net: NetName=NetQ1_1 Pin=Q1-1
Added Pin To Net: NetName=NetQ1_1 Pin=R9-2
Added Net: Name=NetQ1_1
Added Pin To Net: NetName=NetQ2_1 Pin=Q2-1
Added Pin To Net: NetName=NetQ2_1 Pin=R10-2
Added Net: Name=NetQ2_1
Added Pin To Net: NetName=NetR3_2 Pin=R3-2
Added Pin To Net: NetName=NetR3_2 Pin=U2-14
Added Net: Name=NetR3_2
Added Pin To Net: NetName=NetU1_16 Pin=U1-16
Added Net: Name=NetU1_16
Added Pin To Net: NetName=NetU1_24 Pin=U1-24
Added Net: Name=NetU1_24
Added Pin To Net: NetName=NetU1_25 Pin=U1-25
Added Net: Name=NetU1_25
Added Pin To Net: NetName=NetU1_26 Pin=U1-26
Added Net: Name=NetU1_26
Added Pin To Net: NetName=NetU1_28 Pin=U1-28
Added Net: Name=NetU1_28
Added Pin To Net: NetName=NetU1_29 Pin=U1-29
Added Net: Name=NetU1_29
Added Pin To Net: NetName=NetU1_30 Pin=U1-30
Added Net: Name=NetU1_30
Added Pin To Net: NetName=NetU1_32 Pin=U1-32
Added Net: Name=NetU1_32
Added Pin To Net: NetName=NetU1_34 Pin=U1-34
Added Net: Name=NetU1_34
Added Pin To Net: NetName=NetU1_35 Pin=U1-35
Added Net: Name=NetU1_35
Added Pin To Net: NetName=NetU2_5 Pin=U2-5
Added Net: Name=NetU2_5
Added Pin To Net: NetName=NetU2_7 Pin=U2-7
Added Net: Name=NetU2_7
Added Pin To Net: NetName=NetU2_8 Pin=U2-8
Added Net: Name=NetU2_8
Added Pin To Net: NetName=NetU2_9 Pin=U2-9
Added Net: Name=NetU2_9
Added Pin To Net: NetName=NetU2_10 Pin=U2-10
Added Net: Name=NetU2_10
Added Pin To Net: NetName=NetU2_17 Pin=U2-17
Added Net: Name=NetU2_17
Added Pin To Net: NetName=NetU2_18 Pin=U2-18
Added Net: Name=NetU2_18
Added Pin To Net: NetName=NetU2_19 Pin=U2-19
Added Net: Name=NetU2_19
Added Net: Name=NetU5_4
Added Net: Name=NetU5_5
Added Net: Name=NetU5_9
Added Pin To Net: NetName=POWER_LED Pin=D9-2
Added Pin To Net: NetName=POWER_LED Pin=R8-2
Added Net: Name=POWER_LED
Added Pin To Net: NetName=RTS_FTDI Pin=Q1-2
Added Pin To Net: NetName=RTS_FTDI Pin=R10-1
Added Pin To Net: NetName=RTS_FTDI Pin=U2-2
Added Net: Name=RTS_FTDI
Added Pin To Net: NetName=RXD_FTDI Pin=R12-2
Added Pin To Net: NetName=RXD_FTDI Pin=U2-4
Added Net: Name=RXD_FTDI
Added Pin To Net: NetName=SD_CARD_CLK Pin=TP27-1
Added Pin To Net: NetName=SD_CARD_CLK Pin=U1-4
Added Pin To Net: NetName=SD_CARD_CLK Pin=U5-18
Added Net: Name=SD_CARD_CLK
Added Pin To Net: NetName=SD_CARD_CS Pin=TP31-1
Added Pin To Net: NetName=SD_CARD_CS Pin=U1-10
Added Pin To Net: NetName=SD_CARD_CS Pin=U5-15
Added Net: Name=SD_CARD_CS
Added Pin To Net: NetName=SD_CARD_MISO Pin=TP28-1
Added Pin To Net: NetName=SD_CARD_MISO Pin=U1-5
Added Pin To Net: NetName=SD_CARD_MISO Pin=U5-17
Added Net: Name=SD_CARD_MISO
Added Pin To Net: NetName=SD_CARD_MOSI Pin=TP29-1
Added Pin To Net: NetName=SD_CARD_MOSI Pin=U1-9
Added Pin To Net: NetName=SD_CARD_MOSI Pin=U5-16
Added Net: Name=SD_CARD_MOSI
Added Pin To Net: NetName=TFT_CLK Pin=TP32-1
Added Pin To Net: NetName=TFT_CLK Pin=U1-19
Added Pin To Net: NetName=TFT_CLK Pin=U5-10
Added Net: Name=TFT_CLK
Added Pin To Net: NetName=TFT_MISO Pin=TP20-1
Added Pin To Net: NetName=TFT_MISO Pin=U1-31
Added Pin To Net: NetName=TFT_MISO Pin=U5-13
Added Net: Name=TFT_MISO
Added Pin To Net: NetName=TFT_MOSI Pin=TP23-1
Added Pin To Net: NetName=TFT_MOSI Pin=U1-33
Added Pin To Net: NetName=TFT_MOSI Pin=U5-12
Added Net: Name=TFT_MOSI
Added Pin To Net: NetName=TFT_Screen_CS Pin=TP22-1
Added Pin To Net: NetName=TFT_Screen_CS Pin=U1-11
Added Net: Name=TFT_Screen_CS
Added Pin To Net: NetName=TFT_Screen_DC Pin=TP26-1
Added Pin To Net: NetName=TFT_Screen_DC Pin=U1-17
Added Net: Name=TFT_Screen_DC
Added Pin To Net: NetName=TFT_Screen_LED Pin=U1-18
Added Net: Name=TFT_Screen_LED
Added Pin To Net: NetName=TFT_Screen_RESET Pin=TP24-1
Added Pin To Net: NetName=TFT_Screen_RESET Pin=U1-12
Added Net: Name=TFT_Screen_RESET
Added Pin To Net: NetName=Touch_Interrupt_Signal Pin=TP30-1
Added Pin To Net: NetName=Touch_Interrupt_Signal Pin=U1-21
Added Pin To Net: NetName=Touch_Interrupt_Signal Pin=U5-14
Added Net: Name=Touch_Interrupt_Signal
Added Pin To Net: NetName=Touch_Screen_CS Pin=TP21-1
Added Pin To Net: NetName=Touch_Screen_CS Pin=U1-20
Added Pin To Net: NetName=Touch_Screen_CS Pin=U5-11
Added Net: Name=Touch_Screen_CS
Added Pin To Net: NetName=TXD_FTDI Pin=R11-2
Added Pin To Net: NetName=TXD_FTDI Pin=U2-20
Added Net: Name=TXD_FTDI
Added Pin To Net: NetName=U0RXD Pin=R11-1
Added Pin To Net: NetName=U0RXD Pin=U1-36
Added Net: Name=U0RXD
Added Pin To Net: NetName=U0TXD Pin=R12-1
Added Pin To Net: NetName=U0TXD Pin=U1-37
Added Net: Name=U0TXD
