Removed Pin From Net: NetName=+5V_EXT Pin=NT3-1
Removed Pin From Net: NetName=+5V Pin=NT3-2
Added Component: Designator=D?(FP-SOD123-IPC_B)
Add component (AddParameter): Name = "Category"; Value = "Rectifier Diodes"; VariantName = "[No Variations]"
Add component (AddParameter): Name = "ComponentLink1Description"; Value = "https://datasheet.ciiva.com:443/pdfs/VipMasterIC/IC/DIOD/DIOD-S-A0009689747/DIOD-S-A0009691035-1.pdf?src-supplier=IHS+Markit"; VariantName = "[No Variations]"
Add component (AddParameter): Name = "ComponentLink1URL"; Value = "https://datasheet.ciiva.com:443/pdfs/VipMasterIC/IC/DIOD/DIOD-S-A0009689747/DIOD-S-A0009691035-1.pdf?src-supplier=IHS+Markit"; VariantName = "[No Variations]"
Add component (AddParameter): Name = "ComponentLink2Description"; Value = "https://datasheet.ciiva.com/16303/ds30217-16303296.pdf?src-supplier=Future+Electronics"; VariantName = "[No Variations]"
Add component (AddParameter): Name = "ComponentLink2URL"; Value = "https://datasheet.ciiva.com/16303/ds30217-16303296.pdf?src-supplier=Future+Electronics"; VariantName = "[No Variations]"
Add component (AddParameter): Name = "ComponentLink3Description"; Value = "https://datasheet.ciiva.com/1177/ds30217-1177089.pdf?src-supplier=Element14"; VariantName = "[No Variations]"
Add component (AddParameter): Name = "ComponentLink3URL"; Value = "https://datasheet.ciiva.com/1177/ds30217-1177089.pdf?src-supplier=Element14"; VariantName = "[No Variations]"
Add component (AddParameter): Name = "ComponentLink4Description"; Value = "https://datasheet.ciiva.com/912/ds30217-912801.pdf?src-supplier=Digikey"; VariantName = "[No Variations]"
Add component (AddParameter): Name = "ComponentLink4URL"; Value = "https://datasheet.ciiva.com/912/ds30217-912801.pdf?src-supplier=Digikey"; VariantName = "[No Variations]"
Add component (AddParameter): Name = "ComponentLink5Description"; Value = "https://datasheet.ciiva.com/912/ds30217-912802.pdf?src-supplier=Digikey"; VariantName = "[No Variations]"
Add component (AddParameter): Name = "ComponentLink5URL"; Value = "https://datasheet.ciiva.com/912/ds30217-912802.pdf?src-supplier=Digikey"; VariantName = "[No Variations]"
Add component (AddParameter): Name = "ComponentLink6Description"; Value = "https://datasheet.ciiva.com/912/ds30217-912803.pdf?src-supplier=Digikey"; VariantName = "[No Variations]"
Add component (AddParameter): Name = "ComponentLink6URL"; Value = "https://datasheet.ciiva.com/912/ds30217-912803.pdf?src-supplier=Digikey"; VariantName = "[No Variations]"
Add component (AddParameter): Name = "ComponentLink7Description"; Value = "https://datasheet.ciiva.com/8303/ds30217-8303132.pdf?src-supplier=Avnet"; VariantName = "[No Variations]"
Add component (AddParameter): Name = "ComponentLink7URL"; Value = "https://datasheet.ciiva.com/8303/ds30217-8303132.pdf?src-supplier=Avnet"; VariantName = "[No Variations]"
Add component (AddParameter): Name = "Diode Element Material"; Value = "SILICON"; VariantName = "[No Variations]"
Add component (AddParameter): Name = "Diode Type"; Value = "RECTIFIER"; VariantName = "[No Variations]"
Add component (AddParameter): Name = "Forward Voltage"; Value = "320mV"; VariantName = "[No Variations]"
Add component (AddParameter): Name = "JESD-30 Code"; Value = "R-PDSO-G2"; VariantName = "[No Variations]"
Add component (AddParameter): Name = "JESD-609 Code"; Value = "e3"; VariantName = "[No Variations]"
Add component (AddParameter): Name = "Manufacturer"; Value = "Diodes"; VariantName = "[No Variations]"
Add component (AddParameter): Name = "Manufacturer Part Number"; Value = "1N5819HW-7-F"; VariantName = "[No Variations]"
Add component (AddParameter): Name = "Max Operating Temperature"; Value = "125°C"; VariantName = "[No Variations]"
Add component (AddParameter): Name = "Max Output current"; Value = "1A"; VariantName = "[No Variations]"
Add component (AddParameter): Name = "Max Power Dissipation"; Value = "450mW"; VariantName = "[No Variations]"
Add component (AddParameter): Name = "Min Operating Temperature"; Value = "-65°C"; VariantName = "[No Variations]"
Add component (AddParameter): Name = "Moisture Sensitivity Level"; Value = "1"; VariantName = "[No Variations]"
Add component (AddParameter): Name = "Non-rep Pk Forward Current-Max"; Value = "25A"; VariantName = "[No Variations]"
Add component (AddParameter): Name = "Number of Elements"; Value = "1"; VariantName = "[No Variations]"
Add component (AddParameter): Name = "Package Body Material"; Value = "Plastic"; VariantName = "[No Variations]"
Add component (AddParameter): Name = "Package Shape"; Value = "Rectangular"; VariantName = "[No Variations]"
Add component (AddParameter): Name = "Package Style"; Value = "SMALL OUTLINEMeter"; VariantName = "[No Variations]"
Add component (AddParameter): Name = "Peak Reflow Temperature (Cel)"; Value = "260°C"; VariantName = "[No Variations]"
Add component (AddParameter): Name = "Pins"; Value = "2"; VariantName = "[No Variations]"
Add component (AddParameter): Name = "Pricing"; Value = "1=0.25, 10=0.17, 100=0.1037, 500=0.09142, 1000=0.08553 (USD)"; VariantName = "[No Variations]"
Add component (AddParameter): Name = "Qualification Status"; Value = "Not Qualified"; VariantName = "[No Variations]"
Add component (AddParameter): Name = "Reach SVHC Compliant"; Value = "Yes"; VariantName = "[No Variations]"
Add component (AddParameter): Name = "Rep Pk Reverse Voltage-Max"; Value = "40V"; VariantName = "[No Variations]"
Add component (AddParameter): Name = "RoHS"; Value = "Yes"; VariantName = "[No Variations]"
Add component (AddParameter): Name = "RoHS Compliant"; Value = "Yes"; VariantName = "[No Variations]"
Add component (AddParameter): Name = "Stock"; Value = "568095"; VariantName = "[No Variations]"
Add component (AddParameter): Name = "Supplier"; Value = "Digikey"; VariantName = "[No Variations]"
Add component (AddParameter): Name = "Supplier Part Number"; Value = "1N5819HW-FDICT-ND"; VariantName = "[No Variations]"
Add component (AddParameter): Name = "Surface Mount"; Value = "Yes"; VariantName = "[No Variations]"
Add component (AddParameter): Name = "Technology"; Value = "SCHOTTKY"; VariantName = "[No Variations]"
Add component (AddParameter): Name = "Terminal Finish"; Value = "Tin"; VariantName = "[No Variations]"
Add component (AddParameter): Name = "Terminal Form"; Value = "Gull Wing"; VariantName = "[No Variations]"
Add component (AddParameter): Name = "Terminal Position"; Value = "DUAL"; VariantName = "[No Variations]"
Add component (AddParameter): Name = "Time @ Peak Reflow Temperature-Max (s)"; Value = "40s"; VariantName = "[No Variations]"
Added Pin To Net: NetName=+5V Pin=D?-1
Added Pin To Net: NetName=+5V_EXT Pin=D?-2
Add Pin To Net: Unknown Pin: Pin J3-S1
Add Pin To Net: Unknown Pin: Pin J3-S2
Add Pin To Net: Unknown Pin: Pin J3-S3
Add Pin To Net: Unknown Pin: Pin J3-S4
Add Pin To Net: Unknown Pin: Pin J4-S1
Add Pin To Net: Unknown Pin: Pin J4-S2
Add Pin To Net: Unknown Pin: Pin J4-S3
Add Pin To Net: Unknown Pin: Pin J4-S4
